<?xml version="1.0" encoding="UTF-8"?>
<!-- Generated by org.testng.reporters.JUnitXMLReporter -->
<testsuite ignored="0" hostname="DESKTOP-QBQCKFS" failures="1" tests="1" name="ChromeTest" time="72.663" errors="0" timestamp="2022-01-17T01:08:33 IST">
  <testcase classname="automation.selenium.SearchFlightsPageTest" name="searchFlights" time="61.796">
    <failure type="java.lang.IndexOutOfBoundsException" message="Index 4 out of bounds for length 4">
      <![CDATA[java.lang.IndexOutOfBoundsException: Index 4 out of bounds for length 4
at java.base/jdk.internal.util.Preconditions.outOfBounds(Preconditions.java:64)
at java.base/jdk.internal.util.Preconditions.outOfBoundsCheckIndex(Preconditions.java:70)
at java.base/jdk.internal.util.Preconditions.checkIndex(Preconditions.java:248)
at java.base/java.util.Objects.checkIndex(Objects.java:372)
at java.base/java.util.ArrayList.get(ArrayList.java:459)
at pageObjects.SearchFlightsPage.getAllDepartureTime(SearchFlightsPage.java:190)
at automation.selenium.SearchFlightsPageTest.searchFlights(SearchFlightsPageTest.java:117)
at java.base/java.util.ArrayList.forEach(ArrayList.java:1541)
... Removed 27 stack frames]]>
    </failure>
  </testcase> <!-- searchFlights -->
</testsuite> <!-- ChromeTest -->
